Removed Pin From Net: NetName=NetC4_2 Pin=L4-1
Removed Pin From Net: NetName=+12V Pin=L4-2
Removed Pin From Net: NetName=NetC12_2 Pin=L5-1
Removed Pin From Net: NetName=-12V Pin=L5-2
Change Component Footprint: Designator=L4 Old Footprint=BOUR-CM322522_V New Footprint=TDK-B82422A1103K100_V
Change Component Footprint: Designator=L5 Old Footprint=BOUR-CM322522_V New Footprint=TDK-B82422A1103K100_V
Change component parameters: Designator = "L4"; Footprint = "TDK-B82422A1103K100_V"; UniqueID = "\BMOEXRFH"
Change component parameters. Clean all parameters for all variants
Change component parameters (AddParameter): Name = "Category"; Value = "Inductors,Coils,Chokes"; VariantName = "[No Variations]"
Change component parameters (AddParameter): Name = "Current - Saturation"; Value = "-"; VariantName = "[No Variations]"
Change component parameters (AddParameter): Name = "Current Rating"; Value = "180mA"; VariantName = "[No Variations]"
Change component parameters (AddParameter): Name = "Datasheet URL"; Value = "https://en.tdk.eu/inf/30/db/ind_2008/b82422a_100.pdf"; VariantName = "[No Variations]"
Change component parameters (AddParameter): Name = "Datasheet Version"; Value = "10/2012"; VariantName = "[No Variations]"
Change component parameters (AddParameter): Name = "DC Resistance (DCR)"; Value = "1.6OhmMax"; VariantName = "[No Variations]"
Change component parameters (AddParameter): Name = "Family"; Value = "FixedInductors"; VariantName = "[No Variations]"
Change component parameters (AddParameter): Name = "Frequency - Self Resonant"; Value = "25MHz"; VariantName = "[No Variations]"
Change component parameters (AddParameter): Name = "Frequency - Test"; Value = "1MHz"; VariantName = "[No Variations]"
Change component parameters (AddParameter): Name = "Inductance"; Value = "10µH"; VariantName = "[No Variations]"
Change component parameters (AddParameter): Name = "Manufacturer"; Value = "EPCOS-(TDK)"; VariantName = "[No Variations]"
Change component parameters (AddParameter): Name = "Manufacturer URL"; Value = "http://www.tdk.com/"; VariantName = "[No Variations]"
Change component parameters (AddParameter): Name = "Material - Core"; Value = "Ferrite"; VariantName = "[No Variations]"
Change component parameters (AddParameter): Name = "Mounting Technology"; Value = "SurfaceMount"; VariantName = "[No Variations]"
Change component parameters (AddParameter): Name = "Mounting Type"; Value = "SurfaceMount"; VariantName = "[No Variations]"
Change component parameters (AddParameter): Name = "Operating Temperature"; Value = "-"; VariantName = "[No Variations]"
Change component parameters (AddParameter): Name = "Package / Case"; Value = "1210(3225Metric)"; VariantName = "[No Variations]"
Change component parameters (AddParameter): Name = "Package Description"; Value = "2-Pin Surface Mount Device, Body 3.2 x 2.5 mm"; VariantName = "[No Variations]"
Change component parameters (AddParameter): Name = "Package Reference"; Value = "B82422A1103K100"; VariantName = "[No Variations]"
Change component parameters (AddParameter): Name = "Packaging"; Value = "CutTape(CT)"; VariantName = "[No Variations]"
Change component parameters (AddParameter): Name = "Q @ Freq"; Value = "27@2.52MHz"; VariantName = "[No Variations]"
Change component parameters (AddParameter): Name = "Ratings"; Value = "AEC-Q200"; VariantName = "[No Variations]"
Change component parameters (AddParameter): Name = "Series"; Value = "SIMID"; VariantName = "[No Variations]"
Change component parameters (AddParameter): Name = "Shielding"; Value = "Unshielded"; VariantName = "[No Variations]"
Change component parameters (AddParameter): Name = "Tolerance"; Value = "±10%"; VariantName = "[No Variations]"
Change component parameters (AddParameter): Name = "Type"; Value = "Wirewound"; VariantName = "[No Variations]"
Change component parameters: Designator = "L5"; Footprint = "TDK-B82422A1103K100_V"; UniqueID = "\FTWPZROS"
Change component parameters. Clean all parameters for all variants
Change component parameters (AddParameter): Name = "Category"; Value = "Inductors,Coils,Chokes"; VariantName = "[No Variations]"
Change component parameters (AddParameter): Name = "Current - Saturation"; Value = "-"; VariantName = "[No Variations]"
Change component parameters (AddParameter): Name = "Current Rating"; Value = "180mA"; VariantName = "[No Variations]"
Change component parameters (AddParameter): Name = "Datasheet URL"; Value = "https://en.tdk.eu/inf/30/db/ind_2008/b82422a_100.pdf"; VariantName = "[No Variations]"
Change component parameters (AddParameter): Name = "Datasheet Version"; Value = "10/2012"; VariantName = "[No Variations]"
Change component parameters (AddParameter): Name = "DC Resistance (DCR)"; Value = "1.6OhmMax"; VariantName = "[No Variations]"
Change component parameters (AddParameter): Name = "Family"; Value = "FixedInductors"; VariantName = "[No Variations]"
Change component parameters (AddParameter): Name = "Frequency - Self Resonant"; Value = "25MHz"; VariantName = "[No Variations]"
Change component parameters (AddParameter): Name = "Frequency - Test"; Value = "1MHz"; VariantName = "[No Variations]"
Change component parameters (AddParameter): Name = "Inductance"; Value = "10µH"; VariantName = "[No Variations]"
Change component parameters (AddParameter): Name = "Manufacturer"; Value = "EPCOS-(TDK)"; VariantName = "[No Variations]"
Change component parameters (AddParameter): Name = "Manufacturer URL"; Value = "http://www.tdk.com/"; VariantName = "[No Variations]"
Change component parameters (AddParameter): Name = "Material - Core"; Value = "Ferrite"; VariantName = "[No Variations]"
Change component parameters (AddParameter): Name = "Mounting Technology"; Value = "SurfaceMount"; VariantName = "[No Variations]"
Change component parameters (AddParameter): Name = "Mounting Type"; Value = "SurfaceMount"; VariantName = "[No Variations]"
Change component parameters (AddParameter): Name = "Operating Temperature"; Value = "-"; VariantName = "[No Variations]"
Change component parameters (AddParameter): Name = "Package / Case"; Value = "1210(3225Metric)"; VariantName = "[No Variations]"
Change component parameters (AddParameter): Name = "Package Description"; Value = "2-Pin Surface Mount Device, Body 3.2 x 2.5 mm"; VariantName = "[No Variations]"
Change component parameters (AddParameter): Name = "Package Reference"; Value = "B82422A1103K100"; VariantName = "[No Variations]"
Change component parameters (AddParameter): Name = "Packaging"; Value = "CutTape(CT)"; VariantName = "[No Variations]"
Change component parameters (AddParameter): Name = "Q @ Freq"; Value = "27@2.52MHz"; VariantName = "[No Variations]"
Change component parameters (AddParameter): Name = "Ratings"; Value = "AEC-Q200"; VariantName = "[No Variations]"
Change component parameters (AddParameter): Name = "Series"; Value = "SIMID"; VariantName = "[No Variations]"
Change component parameters (AddParameter): Name = "Shielding"; Value = "Unshielded"; VariantName = "[No Variations]"
Change component parameters (AddParameter): Name = "Tolerance"; Value = "±10%"; VariantName = "[No Variations]"
Change component parameters (AddParameter): Name = "Type"; Value = "Wirewound"; VariantName = "[No Variations]"
Added Pin To Net: NetName=+12V Pin=L4-1
Added Pin To Net: NetName=NetC4_2 Pin=L4-2
Added Pin To Net: NetName=-12V Pin=L5-1
Added Pin To Net: NetName=NetC12_2 Pin=L5-2
