Change Component Footprint: Designator=C4 Old Footprint=CAPC0603(1608)100_L New Footprint=CAPC0603(1608)100_M
Change Component Footprint: Designator=C10 Old Footprint=CAPC0603(1608)100_L New Footprint=CAPC0603(1608)100_M
Change Component Footprint: Designator=C3 Old Footprint=CAPC0603(1608)100_N New Footprint=CAPC0603(1608)100_L
Change Component Footprint: Designator=C6 Old Footprint=CAPC0603(1608)100_N New Footprint=CAPC0603(1608)100_L
Change Component Footprint: Designator=C8 Old Footprint=CAPC0603(1608)100_N New Footprint=CAPC0603(1608)100_L
Change Component Footprint: Designator=C11 Old Footprint=CAPC0603(1608)100_N New Footprint=CAPC0603(1608)100_L
Change Component Footprint: Designator=C13 Old Footprint=CAPC0603(1608)100_N New Footprint=CAPC0603(1608)100_L
Change Component Footprint: Designator=C14 Old Footprint=CAPC0603(1608)100_N New Footprint=CAPC0603(1608)100_L
Change Component Footprint: Designator=C7 Old Footprint=CAPC0805(2012)75_M New Footprint=CAPC0805(2012)75_L
Change Component Footprint: Designator=C2 Old Footprint=CAPC0805(2012)155_L New Footprint=CAPC0805(2012)155_N
Change Component Footprint: Designator=C1 Old Footprint=CAPC1206(3216)190_M New Footprint=CAPC1206(3216)190_L
Change Component Footprint: Designator=C4a Old Footprint=CAPC1206(3216)190_M New Footprint=CAPC1206(3216)190_L
Change Component Footprint: Designator=C4b Old Footprint=CAPC1206(3216)190_M New Footprint=CAPC1206(3216)190_L
Change Component Footprint: Designator=C4c Old Footprint=CAPC1206(3216)190_M New Footprint=CAPC1206(3216)190_L
Change Component Footprint: Designator=C4d Old Footprint=CAPC1206(3216)190_M New Footprint=CAPC1206(3216)190_L
Change Component Footprint: Designator=C5a Old Footprint=CAPC1206(3216)190_M New Footprint=CAPC1206(3216)190_L
Change Component Footprint: Designator=C5b Old Footprint=CAPC1206(3216)190_M New Footprint=CAPC1206(3216)190_L
Change Component Footprint: Designator=C5c Old Footprint=CAPC1206(3216)190_M New Footprint=CAPC1206(3216)190_L
Change Component Footprint: Designator=C5d Old Footprint=CAPC1206(3216)190_M New Footprint=CAPC1206(3216)190_L
Change Component Footprint: Designator=R1 Old Footprint=RESC0603(1608)_M New Footprint=RESC0603(1608)_L
Change Component Footprint: Designator=R2 Old Footprint=RESC0603(1608)_M New Footprint=RESC0603(1608)_L
Change Component Footprint: Designator=R3 Old Footprint=RESC0603(1608)_M New Footprint=RESC0603(1608)_L
Change Component Footprint: Designator=R4 Old Footprint=RESC0603(1608)_M New Footprint=RESC0603(1608)_L
Change Component Footprint: Designator=R5 Old Footprint=RESC0603(1608)_M New Footprint=RESC0603(1608)_L
Change Component Footprint: Designator=R7 Old Footprint=RESC0603(1608)_M New Footprint=RESC0603(1608)_L
